0 info it worked if it ends with ok
1 verbose cli [ '/usr/local/bin/node',
1 verbose cli   '/usr/local/bin/npm',
1 verbose cli   'i',
1 verbose cli   '--save-dev',
1 verbose cli   'eslint-config-standard@latest',
1 verbose cli   'eslint@latest' ]
2 info using npm@3.10.10
3 info using node@v6.11.4
4 silly loadCurrentTree Starting
5 silly install loadCurrentTree
6 silly install readLocalPackageData
7 silly fetchPackageMetaData eslint-config-standard@latest
8 silly fetchPackageMetaData eslint@latest
9 silly fetchNamedPackageData eslint-config-standard
10 silly mapToRegistry name eslint-config-standard
11 silly mapToRegistry using default registry
12 silly mapToRegistry registry https://registry.npmjs.org/
13 silly mapToRegistry data Result {
13 silly mapToRegistry   raw: 'eslint-config-standard',
13 silly mapToRegistry   scope: null,
13 silly mapToRegistry   escapedName: 'eslint-config-standard',
13 silly mapToRegistry   name: 'eslint-config-standard',
13 silly mapToRegistry   rawSpec: '',
13 silly mapToRegistry   spec: 'latest',
13 silly mapToRegistry   type: 'tag' }
14 silly mapToRegistry uri https://registry.npmjs.org/eslint-config-standard
15 silly fetchNamedPackageData eslint
16 silly mapToRegistry name eslint
17 silly mapToRegistry using default registry
18 silly mapToRegistry registry https://registry.npmjs.org/
19 silly mapToRegistry data Result {
19 silly mapToRegistry   raw: 'eslint',
19 silly mapToRegistry   scope: null,
19 silly mapToRegistry   escapedName: 'eslint',
19 silly mapToRegistry   name: 'eslint',
19 silly mapToRegistry   rawSpec: '',
19 silly mapToRegistry   spec: 'latest',
19 silly mapToRegistry   type: 'tag' }
20 silly mapToRegistry uri https://registry.npmjs.org/eslint
21 verbose request uri https://registry.npmjs.org/eslint-config-standard
22 verbose request no auth needed
23 info attempt registry request try #1 at 2:13:03 PM
24 verbose request id 2297256526bf0d91
25 http request GET https://registry.npmjs.org/eslint-config-standard
26 info retry will retry, error on last attempt: Error: getaddrinfo ENOTFOUND registry.npmjs.org registry.npmjs.org:443
27 verbose request uri https://registry.npmjs.org/eslint
28 verbose request no auth needed
29 info attempt registry request try #1 at 2:13:03 PM
30 verbose etag W/"59efd7af-7f4dc"
31 verbose lastModified Wed, 25 Oct 2017 00:15:43 GMT
32 http request GET https://registry.npmjs.org/eslint
33 info retry will retry, error on last attempt: Error: getaddrinfo ENOTFOUND registry.npmjs.org registry.npmjs.org:443
34 info attempt registry request try #2 at 2:13:13 PM
35 http request GET https://registry.npmjs.org/eslint-config-standard
36 info retry will retry, error on last attempt: Error: getaddrinfo ENOTFOUND registry.npmjs.org registry.npmjs.org:443
37 info attempt registry request try #2 at 2:13:13 PM
38 verbose etag W/"59efd7af-7f4dc"
39 verbose lastModified Wed, 25 Oct 2017 00:15:43 GMT
40 http request GET https://registry.npmjs.org/eslint
41 info retry will retry, error on last attempt: Error: getaddrinfo ENOTFOUND registry.npmjs.org registry.npmjs.org:443
42 info attempt registry request try #3 at 2:14:13 PM
43 http request GET https://registry.npmjs.org/eslint-config-standard
44 silly fetchPackageMetaData Error: getaddrinfo ENOTFOUND registry.npmjs.org registry.npmjs.org:443
44 silly fetchPackageMetaData     at errnoException (dns.js:28:10)
44 silly fetchPackageMetaData     at GetAddrInfoReqWrap.onlookup [as oncomplete] (dns.js:76:26)
44 silly fetchPackageMetaData  error for eslint-config-standard@latest { Error: getaddrinfo ENOTFOUND registry.npmjs.org registry.npmjs.org:443
44 silly fetchPackageMetaData     at errnoException (dns.js:28:10)
44 silly fetchPackageMetaData     at GetAddrInfoReqWrap.onlookup [as oncomplete] (dns.js:76:26)
44 silly fetchPackageMetaData   code: 'ENOTFOUND',
44 silly fetchPackageMetaData   errno: 'ENOTFOUND',
44 silly fetchPackageMetaData   syscall: 'getaddrinfo',
44 silly fetchPackageMetaData   hostname: 'registry.npmjs.org',
44 silly fetchPackageMetaData   host: 'registry.npmjs.org',
44 silly fetchPackageMetaData   port: 443 }
45 info attempt registry request try #3 at 2:14:13 PM
46 verbose etag W/"59efd7af-7f4dc"
47 verbose lastModified Wed, 25 Oct 2017 00:15:43 GMT
48 http request GET https://registry.npmjs.org/eslint
49 silly get cb [ 304, undefined ]
50 verbose etag https://registry.npmjs.org/eslint from cache
51 verbose get saving eslint to /Users/admin/.npm/registry.npmjs.org/eslint/.cache.json
52 verbose correctMkdir /Users/admin/.npm correctMkdir not in flight; initializing
53 silly rollbackFailedOptional Starting
54 silly rollbackFailedOptional Finishing
55 silly runTopLevelLifecycles Finishing
56 silly install printInstalled
57 verbose stack Error: getaddrinfo ENOTFOUND registry.npmjs.org registry.npmjs.org:443
57 verbose stack     at errnoException (dns.js:28:10)
57 verbose stack     at GetAddrInfoReqWrap.onlookup [as oncomplete] (dns.js:76:26)
58 verbose cwd /Users/admin/Documents/My projects/carshare_to_Schiphol
59 error Darwin 17.2.0
60 error argv "/usr/local/bin/node" "/usr/local/bin/npm" "i" "--save-dev" "eslint-config-standard@latest" "eslint@latest"
61 error node v6.11.4
62 error npm  v3.10.10
63 error code ENOTFOUND
64 error errno ENOTFOUND
65 error syscall getaddrinfo
66 error network getaddrinfo ENOTFOUND registry.npmjs.org registry.npmjs.org:443
67 error network This is most likely not a problem with npm itself
67 error network and is related to network connectivity.
67 error network In most cases you are behind a proxy or have bad network settings.
67 error network
67 error network If you are behind a proxy, please make sure that the
67 error network 'proxy' config is set properly.  See: 'npm help config'
68 verbose exit [ 1, true ]
